
@----------------------------------------------------------@
|        PLINK!       |     v1.07      |   10/Aug/2009     |
|----------------------------------------------------------|
|  (C) 2009 Shaun Purcell, GNU General Public License, v2  |
|----------------------------------------------------------|
|  For documentation, citation & bug-report instructions:  |
|        http://pngu.mgh.harvard.edu/purcell/plink/        |
@----------------------------------------------------------@

Web-based version check ( --noweb to skip )
Recent cached web-check found...Problem connecting to web

Writing this text to log file [ acbd6.log ]
Analysis started: Tue Jul  9 12:34:11 2019

Options in effect:
	--file acbd6
	--allow-no-sex
	--make-bed
	--out acbd6

418 (of 418) markers to be included from [ acbd6.map ]
Warning, found 1 individuals with ambiguous sex codes
Writing list of these individuals to [ acbd6.nosex ]
1 individuals read from [ acbd6.ped ] 
0 individuals with nonmissing phenotypes
Assuming a disease phenotype (1=unaff, 2=aff, 0=miss)
Missing phenotype value is also -9
0 cases, 0 controls and 1 missing
0 males, 0 females, and 1 of unspecified sex
Before frequency and genotyping pruning, there are 418 SNPs
1 founders and 0 non-founders found
Total genotyping rate in remaining individuals is 1
0 SNPs failed missingness test ( GENO > 1 )
0 SNPs failed frequency test ( MAF < 0 )
After frequency and genotyping pruning, there are 418 SNPs
After filtering, 0 cases, 0 controls and 1 missing
After filtering, 0 males, 0 females, and 1 of unspecified sex
Writing pedigree information to [ acbd6.fam ] 
Writing map (extended format) information to [ acbd6.bim ] 
Writing genotype bitfile to [ acbd6.bed ] 
Using (default) SNP-major mode

Analysis finished: Tue Jul  9 12:34:11 2019

